[2021-06-08T20:54:54.185545+02:00] name.ERROR: Bar [] []
[2021-06-08T23:00:47.176818+02:00] CronLike.ERROR: Cron iterator starts [] []
[2021-06-08T23:17:37.762778+02:00] CronLike.ERROR: Cron iterator starts [] []
[2021-06-08T23:19:21.906846+02:00] CronLike.ERROR: Cron iterator starts [] []
[2021-06-08T23:25:22.493293+02:00] CronLike.ERROR: Cron iterator starts [] []
[2021-06-08T23:25:57.751237+02:00] CronLike.ERROR: Cron iterator starts [] []
[2021-06-08T23:26:28.616760+02:00] CronLike.ERROR: Cron iterator starts [] []
[2021-06-08T23:27:51.157853+02:00] CronLike.ERROR: Cron iterator starts [] []
[2021-06-08T23:29:15.904829+02:00] CronLike.ERROR: Cron iterator starts [] []
[2021-06-08T23:34:23.684742+02:00] CronLike.ERROR: Cron iterator starts [] []
[2021-06-08T23:45:33.643342+02:00] CronLike.ERROR: 0 [] []
[2021-06-08T23:46:06.723235+02:00] CronLike.ERROR: Cron iterator starts, iterating every  [] []
[2021-06-08T23:48:23.615771+02:00] CronLike.ERROR: Cron iterator starts, iterating every  [] []
[2021-06-08T23:49:03.168590+02:00] CronLike.ERROR: Cron iterator starts, iterating every  [] []
[2021-06-09T00:07:01.138995+02:00] CronLike.ERROR: Cron iterator starts, iterating every  [] []
[2021-06-09T00:10:21.724310+02:00] CronLike.ERROR: Cron iterator starts, iterating every 5 [] []
[2021-06-09T00:12:45.990436+02:00] CronLike.ERROR: Cron iterator starts, iterating every 5 [] []
[2021-06-09T00:12:45.999164+02:00] CronLike.NOTICE: 00:12:45 -> 00:12:50 [] []
[2021-06-09T00:12:50.004750+02:00] CronLike.NOTICE: 00:12:50 -> 00:12:55 [] []
[2021-06-09T00:12:55.015251+02:00] CronLike.NOTICE: 00:12:55 -> 00:13:00 [] []
[2021-06-09T00:13:00.014773+02:00] CronLike.NOTICE: 00:13:00 -> 00:13:05 [] []
[2021-06-09T00:13:05.007407+02:00] CronLike.NOTICE: 00:13:05 -> 00:13:10 [] []
[2021-06-09T00:13:10.001297+02:00] CronLike.NOTICE: 00:13:10 -> 00:13:15 [] []
[2021-06-09T00:13:15.006325+02:00] CronLike.NOTICE: 00:13:15 -> 00:13:20 [] []
[2021-06-09T00:24:13.621641+02:00] CronLike.ERROR: Cron iterator starts, iterating every 5 [] []
[2021-06-09T00:24:59.427689+02:00] CronLike.ERROR: Cron iterator starts, iterating every 5 [] []
[2021-06-09T00:36:57.538066+02:00] CronLike.ERROR: Cron iterator starts, iterating every 5 [] []
[2021-06-09T00:37:16.496607+02:00] CronLike.ERROR: Cron iterator starts, iterating every 5 [] []
[2021-06-09T00:37:38.276321+02:00] CronLike.ERROR: Cron iterator starts, iterating every 5 [] []
[2021-06-09T00:38:12.769072+02:00] CronLike.ERROR: Cron iterator starts, iterating every 5 [] []
[2021-06-09T00:38:58.657760+02:00] CronLike.ERROR: Cron iterator starts, iterating every 5 [] []
[2021-06-09T00:39:12.538343+02:00] CronLike.ERROR: Cron iterator starts, iterating every 5 [] []
[2021-06-09T01:02:10.726873+02:00] CronLike.ERROR: Cron iterator starts, iterating every 5 [] []
[2021-06-09T01:03:11.421624+02:00] CronLike.ERROR: Cron iterator starts, iterating every 5 [] []
[2021-06-09T01:03:29.080310+02:00] CronLike.ERROR: Cron iterator starts, iterating every 5 [] []
[2021-06-09T01:04:35.014006+02:00] CronLike.ERROR: Cron iterator starts, iterating every 5 [] []
[2021-06-09T01:05:01.466987+02:00] CronLike.ERROR: Cron iterator starts, iterating every 5 [] []
[2021-06-09T01:05:11.106668+02:00] CronLike.ERROR: Cron iterator starts, iterating every 5 [] []
[2021-06-09T01:05:24.831727+02:00] CronLike.ERROR: Cron iterator starts, iterating every 5 [] []
[2021-06-09T01:05:24.848319+02:00] CronLike.NOTICE: 01:05:24 -> 01:05:29 [] []
[2021-06-09T01:05:29.009806+02:00] CronLike.NOTICE: 01:05:29 -> 01:05:34 [] []
[2021-06-09T01:05:34.015696+02:00] CronLike.NOTICE: 01:05:34 -> 01:05:39 [] []
[2021-06-09T01:05:39.022137+02:00] CronLike.NOTICE: 01:05:39 -> 01:05:44 [] []
[2021-06-09T01:05:44.022350+02:00] CronLike.NOTICE: 01:05:44 -> 01:05:49 [] []
[2021-06-09T01:05:49.010960+02:00] CronLike.NOTICE: 01:05:49 -> 01:05:54 [] []
[2021-06-09T01:05:54.021371+02:00] CronLike.NOTICE: 01:05:54 -> 01:05:59 [] []
[2021-06-09T01:05:59.020283+02:00] CronLike.NOTICE: 01:05:59 -> 01:06:04 [] []
[2021-06-09T01:06:04.011896+02:00] CronLike.NOTICE: 01:06:04 -> 01:06:09 [] []
[2021-06-09T01:06:09.011389+02:00] CronLike.NOTICE: 01:06:09 -> 01:06:14 [] []
[2021-06-09T01:06:14.011169+02:00] CronLike.NOTICE: 01:06:14 -> 01:06:19 [] []
[2021-06-09T01:06:19.011818+02:00] CronLike.NOTICE: 01:06:19 -> 01:06:24 [] []
[2021-06-09T01:06:24.016357+02:00] CronLike.NOTICE: 01:06:24 -> 01:06:29 [] []
[2021-06-09T01:06:29.014008+02:00] CronLike.NOTICE: 01:06:29 -> 01:06:34 [] []
[2021-06-09T01:06:34.014637+02:00] CronLike.NOTICE: 01:06:34 -> 01:06:39 [] []
[2021-06-09T01:06:39.014446+02:00] CronLike.NOTICE: 01:06:39 -> 01:06:44 [] []
[2021-06-09T01:06:44.013294+02:00] CronLike.NOTICE: 01:06:44 -> 01:06:49 [] []
[2021-06-09T01:06:49.021063+02:00] CronLike.NOTICE: 01:06:49 -> 01:06:54 [] []
[2021-06-09T01:06:54.021362+02:00] CronLike.NOTICE: 01:06:54 -> 01:06:59 [] []
[2021-06-09T01:06:59.014220+02:00] CronLike.NOTICE: 01:06:59 -> 01:07:04 [] []
[2021-06-09T01:07:04.012290+02:00] CronLike.NOTICE: 01:07:04 -> 01:07:09 [] []
[2021-06-09T01:07:09.009689+02:00] CronLike.NOTICE: 01:07:09 -> 01:07:14 [] []
[2021-06-09T01:07:14.011185+02:00] CronLike.NOTICE: 01:07:14 -> 01:07:19 [] []
[2021-06-09T01:07:19.109015+02:00] CronLike.NOTICE: 01:07:19 -> 01:07:24 [] []
[2021-06-09T01:07:43.837515+02:00] CronLike.ERROR: Cron iterator starts, iterating every 5 [] []
[2021-06-09T01:07:43.854163+02:00] CronLike.NOTICE: CRONTAB LOADED [] []
[2021-06-09T01:07:43.854336+02:00] CronLike.NOTICE:  () :: "" [] []
[2021-06-09T01:07:43.854391+02:00] CronLike.NOTICE:  () :: "" [] []
[2021-06-09T01:07:43.854424+02:00] CronLike.NOTICE:  () :: "" [] []
[2021-06-09T01:07:43.854455+02:00] CronLike.NOTICE:  () :: "" [] []
[2021-06-09T01:07:43.854492+02:00] CronLike.NOTICE:  () :: "" [] []
[2021-06-09T01:07:43.854521+02:00] CronLike.NOTICE:  () :: "" [] []
[2021-06-09T01:07:43.854549+02:00] CronLike.NOTICE:  () :: "" [] []
[2021-06-09T01:07:43.854576+02:00] CronLike.NOTICE:  () :: "" [] []
[2021-06-09T01:07:43.854603+02:00] CronLike.NOTICE:  () :: "" [] []
[2021-06-09T01:07:43.854630+02:00] CronLike.NOTICE:  () :: "" [] []
[2021-06-09T01:07:43.854672+02:00] CronLike.NOTICE: 01:07:43 -> 01:07:48 [] []
[2021-06-09T01:07:48.014486+02:00] CronLike.NOTICE: CRONTAB LOADED [] []
[2021-06-09T01:07:48.014575+02:00] CronLike.NOTICE:  () :: "" [] []
[2021-06-09T01:07:48.014615+02:00] CronLike.NOTICE:  () :: "" [] []
[2021-06-09T01:07:48.014662+02:00] CronLike.NOTICE:  () :: "" [] []
[2021-06-09T01:07:48.014699+02:00] CronLike.NOTICE:  () :: "" [] []
[2021-06-09T01:07:48.014728+02:00] CronLike.NOTICE:  () :: "" [] []
[2021-06-09T01:07:48.014756+02:00] CronLike.NOTICE:  () :: "" [] []
[2021-06-09T01:07:48.014784+02:00] CronLike.NOTICE:  () :: "" [] []
[2021-06-09T01:07:48.014811+02:00] CronLike.NOTICE:  () :: "" [] []
[2021-06-09T01:07:48.014838+02:00] CronLike.NOTICE:  () :: "" [] []
[2021-06-09T01:07:48.014866+02:00] CronLike.NOTICE:  () :: "" [] []
[2021-06-09T01:07:48.014897+02:00] CronLike.NOTICE: 01:07:48 -> 01:07:53 [] []
[2021-06-09T01:07:53.020414+02:00] CronLike.NOTICE: CRONTAB LOADED [] []
[2021-06-09T01:07:53.020506+02:00] CronLike.NOTICE:  () :: "" [] []
[2021-06-09T01:07:53.020545+02:00] CronLike.NOTICE:  () :: "" [] []
[2021-06-09T01:07:53.020575+02:00] CronLike.NOTICE:  () :: "" [] []
[2021-06-09T01:07:53.020604+02:00] CronLike.NOTICE:  () :: "" [] []
[2021-06-09T01:07:53.020633+02:00] CronLike.NOTICE:  () :: "" [] []
[2021-06-09T01:07:53.020661+02:00] CronLike.NOTICE:  () :: "" [] []
[2021-06-09T01:07:53.020689+02:00] CronLike.NOTICE:  () :: "" [] []
[2021-06-09T01:07:53.020716+02:00] CronLike.NOTICE:  () :: "" [] []
[2021-06-09T01:07:53.020744+02:00] CronLike.NOTICE:  () :: "" [] []
[2021-06-09T01:07:53.020771+02:00] CronLike.NOTICE:  () :: "" [] []
[2021-06-09T01:07:53.020803+02:00] CronLike.NOTICE: 01:07:53 -> 01:07:58 [] []
[2021-06-09T01:07:58.021152+02:00] CronLike.NOTICE: CRONTAB LOADED [] []
[2021-06-09T01:07:58.021251+02:00] CronLike.NOTICE:  () :: "" [] []
[2021-06-09T01:07:58.021292+02:00] CronLike.NOTICE:  () :: "" [] []
[2021-06-09T01:07:58.021323+02:00] CronLike.NOTICE:  () :: "" [] []
[2021-06-09T01:07:58.021353+02:00] CronLike.NOTICE:  () :: "" [] []
[2021-06-09T01:07:58.021435+02:00] CronLike.NOTICE:  () :: "" [] []
[2021-06-09T01:07:58.021470+02:00] CronLike.NOTICE:  () :: "" [] []
[2021-06-09T01:07:58.021498+02:00] CronLike.NOTICE:  () :: "" [] []
[2021-06-09T01:07:58.021526+02:00] CronLike.NOTICE:  () :: "" [] []
[2021-06-09T01:07:58.021553+02:00] CronLike.NOTICE:  () :: "" [] []
[2021-06-09T01:07:58.021580+02:00] CronLike.NOTICE:  () :: "" [] []
[2021-06-09T01:07:58.021612+02:00] CronLike.NOTICE: 01:07:58 -> 01:08:03 [] []
[2021-06-09T01:08:03.021783+02:00] CronLike.NOTICE: CRONTAB LOADED [] []
[2021-06-09T01:08:03.021894+02:00] CronLike.NOTICE:  () :: "" [] []
[2021-06-09T01:08:03.021963+02:00] CronLike.NOTICE:  () :: "" [] []
[2021-06-09T01:08:03.022008+02:00] CronLike.NOTICE:  () :: "" [] []
[2021-06-09T01:08:03.022042+02:00] CronLike.NOTICE:  () :: "" [] []
[2021-06-09T01:08:03.022072+02:00] CronLike.NOTICE:  () :: "" [] []
[2021-06-09T01:08:03.022100+02:00] CronLike.NOTICE:  () :: "" [] []
[2021-06-09T01:08:03.022127+02:00] CronLike.NOTICE:  () :: "" [] []
[2021-06-09T01:08:03.022155+02:00] CronLike.NOTICE:  () :: "" [] []
[2021-06-09T01:08:03.022182+02:00] CronLike.NOTICE:  () :: "" [] []
[2021-06-09T01:08:03.022209+02:00] CronLike.NOTICE:  () :: "" [] []
[2021-06-09T01:08:03.022241+02:00] CronLike.NOTICE: 01:08:03 -> 01:08:08 [] []
[2021-06-09T01:08:08.009205+02:00] CronLike.NOTICE: CRONTAB LOADED [] []
[2021-06-09T01:08:08.009295+02:00] CronLike.NOTICE:  () :: "" [] []
[2021-06-09T01:08:08.009336+02:00] CronLike.NOTICE:  () :: "" [] []
[2021-06-09T01:08:08.009379+02:00] CronLike.NOTICE:  () :: "" [] []
[2021-06-09T01:08:08.009421+02:00] CronLike.NOTICE:  () :: "" [] []
[2021-06-09T01:08:08.009450+02:00] CronLike.NOTICE:  () :: "" [] []
[2021-06-09T01:08:08.009478+02:00] CronLike.NOTICE:  () :: "" [] []
[2021-06-09T01:08:08.009509+02:00] CronLike.NOTICE:  () :: "" [] []
[2021-06-09T01:08:08.009538+02:00] CronLike.NOTICE:  () :: "" [] []
[2021-06-09T01:08:08.009565+02:00] CronLike.NOTICE:  () :: "" [] []
[2021-06-09T01:08:08.009592+02:00] CronLike.NOTICE:  () :: "" [] []
[2021-06-09T01:08:08.009625+02:00] CronLike.NOTICE: 01:08:08 -> 01:08:13 [] []
[2021-06-09T01:08:13.015286+02:00] CronLike.NOTICE: CRONTAB LOADED [] []
[2021-06-09T01:08:13.015372+02:00] CronLike.NOTICE:  () :: "" [] []
[2021-06-09T01:08:13.015411+02:00] CronLike.NOTICE:  () :: "" [] []
[2021-06-09T01:08:13.015442+02:00] CronLike.NOTICE:  () :: "" [] []
[2021-06-09T01:08:13.015471+02:00] CronLike.NOTICE:  () :: "" [] []
[2021-06-09T01:08:13.015509+02:00] CronLike.NOTICE:  () :: "" [] []
[2021-06-09T01:08:13.015559+02:00] CronLike.NOTICE:  () :: "" [] []
[2021-06-09T01:08:13.015601+02:00] CronLike.NOTICE:  () :: "" [] []
[2021-06-09T01:08:13.015631+02:00] CronLike.NOTICE:  () :: "" [] []
[2021-06-09T01:08:13.015663+02:00] CronLike.NOTICE:  () :: "" [] []
[2021-06-09T01:08:13.015692+02:00] CronLike.NOTICE:  () :: "" [] []
[2021-06-09T01:08:13.015725+02:00] CronLike.NOTICE: 01:08:13 -> 01:08:18 [] []
[2021-06-09T01:08:18.056790+02:00] CronLike.NOTICE: CRONTAB LOADED [] []
[2021-06-09T01:08:18.056914+02:00] CronLike.NOTICE:  () :: "" [] []
[2021-06-09T01:08:18.056982+02:00] CronLike.NOTICE:  () :: "" [] []
[2021-06-09T01:08:18.057044+02:00] CronLike.NOTICE:  () :: "" [] []
[2021-06-09T01:08:18.057103+02:00] CronLike.NOTICE:  () :: "" [] []
[2021-06-09T01:08:18.057163+02:00] CronLike.NOTICE:  () :: "" [] []
[2021-06-09T01:08:18.057222+02:00] CronLike.NOTICE:  () :: "" [] []
[2021-06-09T01:08:18.057288+02:00] CronLike.NOTICE:  () :: "" [] []
[2021-06-09T01:08:18.057347+02:00] CronLike.NOTICE:  () :: "" [] []
[2021-06-09T01:08:18.057407+02:00] CronLike.NOTICE:  () :: "" [] []
[2021-06-09T01:08:18.057466+02:00] CronLike.NOTICE:  () :: "" [] []
[2021-06-09T01:08:18.057535+02:00] CronLike.NOTICE: 01:08:18 -> 01:08:23 [] []
[2021-06-09T01:09:47.912367+02:00] CronLike.ERROR: Cron iterator starts, iterating every 5 [] []
[2021-06-09T01:09:47.928688+02:00] CronLike.NOTICE: CRONTAB LOADED [] []
[2021-06-09T01:09:47.928817+02:00] CronLike.NOTICE:  () :: "" [] []
[2021-06-09T01:09:47.928932+02:00] CronLike.NOTICE:  () :: "" [] []
[2021-06-09T01:09:47.928975+02:00] CronLike.NOTICE:  () :: "" [] []
[2021-06-09T01:09:47.929009+02:00] CronLike.NOTICE:  () :: "" [] []
[2021-06-09T01:09:47.929040+02:00] CronLike.NOTICE:  () :: "" [] []
[2021-06-09T01:09:47.929069+02:00] CronLike.NOTICE:  () :: "" [] []
[2021-06-09T01:09:47.929097+02:00] CronLike.NOTICE:  () :: "" [] []
[2021-06-09T01:09:47.929125+02:00] CronLike.NOTICE:  () :: "" [] []
[2021-06-09T01:09:47.929153+02:00] CronLike.NOTICE:  () :: "" [] []
[2021-06-09T01:09:47.929181+02:00] CronLike.NOTICE:  () :: "" [] []
[2021-06-09T01:09:47.929218+02:00] CronLike.NOTICE: 01:09:47 -> 01:09:52 [] []
[2021-06-09T01:09:52.002313+02:00] CronLike.NOTICE: 01:09:52 -> 01:09:57 [] []
[2021-06-09T01:09:57.004429+02:00] CronLike.NOTICE: 01:09:57 -> 01:10:02 [] []
[2021-06-09T01:10:02.001137+02:00] CronLike.NOTICE: 01:10:02 -> 01:10:07 [] []
[2021-06-09T01:10:56.960174+02:00] CronLike.ERROR: Cron iterator starts, iterating every 5 [] []
[2021-06-09T01:10:56.969533+02:00] CronLike.NOTICE: CRONTAB LOADED [] []
[2021-06-09T01:10:56.969762+02:00] CronLike.NOTICE: 0 * * * *  (2021-06-09 02:00:00) :: " /usr/bin/wget -O - -q -t 1 http://localhost/cron.php" [] []
[2021-06-09T01:10:56.970930+02:00] CronLike.NOTICE: * * * * *  (2021-06-09 01:11:00) :: " /var/www/devdaily.com/bin/check-apache.sh" [] []
[2021-06-09T01:10:56.973502+02:00] CronLike.NOTICE: 5 10,22 * * *  (2021-06-09 10:05:00) :: " /var/www/devdaily.com/bin/mk-new-links.php" [] []
[2021-06-09T01:10:56.974013+02:00] CronLike.NOTICE: 30 4 * * *  (2021-06-09 04:30:00) :: " /var/www/devdaily.com/bin/create-all-backups.sh" [] []
[2021-06-09T01:10:56.974284+02:00] CronLike.NOTICE: 5 0,4,10,16 * * *  (2021-06-09 04:05:00) :: " /var/www/devdaily.com/bin/create-cat-list.sh" [] []
[2021-06-09T01:10:56.974844+02:00] CronLike.NOTICE: 5 0 * * *  (2021-06-10 00:05:00) :: " /var/www/devdaily.com/bin/resetContactForm.sh" [] []
[2021-06-09T01:10:56.975161+02:00] CronLike.NOTICE: 0,20,40 * * * *  (2021-06-09 01:20:00) :: " /var/www/bin/ads/freshMint.sh" [] []
[2021-06-09T01:10:56.975748+02:00] CronLike.NOTICE: 5,25,45 * * * *  (2021-06-09 01:25:00) :: " /var/www/bin/ads/greenTaffy.sh" [] []
[2021-06-09T01:10:56.976023+02:00] CronLike.NOTICE: 10,30,50 * * * *  (2021-06-09 01:30:00) :: " /var/www/bin/ads/raspberry.sh" [] []
[2021-06-09T01:10:56.976567+02:00] CronLike.NOTICE: 15,35,55 * * * *  (2021-06-09 01:15:00) :: " /var/www/bin/ads/robinsEgg.sh" [] []
[2021-06-09T01:13:21.888353+02:00] CronLike.ERROR: Cron iterator starts, iterating every 5 [] []
[2021-06-09T01:13:21.897916+02:00] CronLike.NOTICE: CRONTAB LOADED [] []
[2021-06-09T01:14:43.463921+02:00] CronLike.ERROR: Cron iterator starts, iterating every 5 [] []
[2021-06-09T01:14:43.473621+02:00] CronLike.NOTICE: CRONTAB LOADED [] []
[2021-06-09T01:14:43.474566+02:00] CronLike.NOTICE: 0 * * * *  () :: " /usr/bin/wget -O - -q -t 1 http://localhost/cron.php" [] []
[2021-06-09T01:14:43.475843+02:00] CronLike.NOTICE: * * * * *  () :: " /var/www/devdaily.com/bin/check-apache.sh" [] []
[2021-06-09T01:14:43.478569+02:00] CronLike.NOTICE: 5 10,22 * * *  () :: " /var/www/devdaily.com/bin/mk-new-links.php" [] []
[2021-06-09T01:14:43.479056+02:00] CronLike.NOTICE: 30 4 * * *  () :: " /var/www/devdaily.com/bin/create-all-backups.sh" [] []
[2021-06-09T01:14:43.479819+02:00] CronLike.NOTICE: 5 0,4,10,16 * * *  () :: " /var/www/devdaily.com/bin/create-cat-list.sh" [] []
[2021-06-09T01:14:43.480637+02:00] CronLike.NOTICE: 5 0 * * *  () :: " /var/www/devdaily.com/bin/resetContactForm.sh" [] []
[2021-06-09T01:14:43.481803+02:00] CronLike.NOTICE: 0,20,40 * * * *  () :: " /var/www/bin/ads/freshMint.sh" [] []
[2021-06-09T01:14:43.483456+02:00] CronLike.NOTICE: 5,25,45 * * * *  () :: " /var/www/bin/ads/greenTaffy.sh" [] []
[2021-06-09T01:14:43.484367+02:00] CronLike.NOTICE: 10,30,50 * * * *  () :: " /var/www/bin/ads/raspberry.sh" [] []
[2021-06-09T01:14:43.485208+02:00] CronLike.NOTICE: 15,35,55 * * * *  () :: " /var/www/bin/ads/robinsEgg.sh" [] []
[2021-06-09T01:15:52.627534+02:00] CronLike.ERROR: Cron iterator starts, iterating every 5 [] []
[2021-06-09T01:15:52.636645+02:00] CronLike.NOTICE: CRONTAB LOADED [] []
[2021-06-09T01:15:52.636723+02:00] CronLike.NOTICE: 0 * * * *  (2021-06-09 02:00:00) :: " /usr/bin/wget -O - -q -t 1 http://localhost/cron.php" [] []
[2021-06-09T01:15:52.636763+02:00] CronLike.NOTICE: * * * * *  (2021-06-09 01:16:00) :: " /var/www/devdaily.com/bin/check-apache.sh" [] []
[2021-06-09T01:15:52.636796+02:00] CronLike.NOTICE: 5 10,22 * * *  (2021-06-09 10:05:00) :: " /var/www/devdaily.com/bin/mk-new-links.php" [] []
[2021-06-09T01:15:52.636827+02:00] CronLike.NOTICE: 30 4 * * *  (2021-06-09 04:30:00) :: " /var/www/devdaily.com/bin/create-all-backups.sh" [] []
[2021-06-09T01:15:52.636857+02:00] CronLike.NOTICE: 5 0,4,10,16 * * *  (2021-06-09 04:05:00) :: " /var/www/devdaily.com/bin/create-cat-list.sh" [] []
[2021-06-09T01:15:52.636886+02:00] CronLike.NOTICE: 5 0 * * *  (2021-06-10 00:05:00) :: " /var/www/devdaily.com/bin/resetContactForm.sh" [] []
[2021-06-09T01:15:52.636915+02:00] CronLike.NOTICE: 0,20,40 * * * *  (2021-06-09 01:20:00) :: " /var/www/bin/ads/freshMint.sh" [] []
[2021-06-09T01:15:52.636944+02:00] CronLike.NOTICE: 5,25,45 * * * *  (2021-06-09 01:25:00) :: " /var/www/bin/ads/greenTaffy.sh" [] []
[2021-06-09T01:15:52.636973+02:00] CronLike.NOTICE: 10,30,50 * * * *  (2021-06-09 01:30:00) :: " /var/www/bin/ads/raspberry.sh" [] []
[2021-06-09T01:15:52.637011+02:00] CronLike.NOTICE: 15,35,55 * * * *  (2021-06-09 01:35:00) :: " /var/www/bin/ads/robinsEgg.sh" [] []
[2021-06-09T01:24:03.582346+02:00] CronLike.ERROR: Cron iterator starts, iterating every 5 [] []
[2021-06-09T01:24:03.592056+02:00] CronLike.NOTICE: CRONTAB LOADED [] []
[2021-06-09T01:24:03.592130+02:00] CronLike.NOTICE: 0 * * * *  (2021-06-09 02:00:00) :: " /usr/bin/wget -O - -q -t 1 http://localhost/cron.php" [] []
[2021-06-09T01:24:03.592170+02:00] CronLike.NOTICE: * * * * *  (2021-06-09 01:25:00) :: " /var/www/devdaily.com/bin/check-apache.sh" [] []
[2021-06-09T01:24:03.592202+02:00] CronLike.NOTICE: 5 10,22 * * *  (2021-06-09 10:05:00) :: " /var/www/devdaily.com/bin/mk-new-links.php" [] []
[2021-06-09T01:24:03.592233+02:00] CronLike.NOTICE: 30 4 * * *  (2021-06-09 04:30:00) :: " /var/www/devdaily.com/bin/create-all-backups.sh" [] []
[2021-06-09T01:24:03.592263+02:00] CronLike.NOTICE: 5 0,4,10,16 * * *  (2021-06-09 04:05:00) :: " /var/www/devdaily.com/bin/create-cat-list.sh" [] []
[2021-06-09T01:24:03.592293+02:00] CronLike.NOTICE: 5 0 * * *  (2021-06-10 00:05:00) :: " /var/www/devdaily.com/bin/resetContactForm.sh" [] []
[2021-06-09T01:24:03.592322+02:00] CronLike.NOTICE: 0,20,40 * * * *  (2021-06-09 01:40:00) :: " /var/www/bin/ads/freshMint.sh" [] []
[2021-06-09T01:24:03.592351+02:00] CronLike.NOTICE: 5,25,45 * * * *  (2021-06-09 01:25:00) :: " /var/www/bin/ads/greenTaffy.sh" [] []
[2021-06-09T01:24:03.592384+02:00] CronLike.NOTICE: 10,30,50 * * * *  (2021-06-09 01:30:00) :: " /var/www/bin/ads/raspberry.sh" [] []
[2021-06-09T01:24:03.592413+02:00] CronLike.NOTICE: 15,35,55 * * * *  (2021-06-09 01:35:00) :: " /var/www/bin/ads/robinsEgg.sh" [] []
[2021-06-09T01:26:57.117704+02:00] CronLike.ERROR: Cron iterator starts, iterating every 5 [] []
[2021-06-09T01:26:57.127858+02:00] CronLike.NOTICE: CRONTAB LOADED [] []
[2021-06-09T01:26:57.127969+02:00] CronLike.NOTICE: 0 * * * *  (2021-06-09 02:00:00) :: " /usr/bin/wget -O - -q -t 1 http://localhost/cron.php" [] []
[2021-06-09T01:26:57.128065+02:00] CronLike.NOTICE: * * * * *  (2021-06-09 01:27:00) :: " /var/www/devdaily.com/bin/check-apache.sh" [] []
[2021-06-09T01:26:57.128154+02:00] CronLike.NOTICE: 5 10,22 * * *  (2021-06-09 10:05:00) :: " /var/www/devdaily.com/bin/mk-new-links.php" [] []
[2021-06-09T01:26:57.128202+02:00] CronLike.NOTICE: 30 4 * * *  (2021-06-09 04:30:00) :: " /var/www/devdaily.com/bin/create-all-backups.sh" [] []
[2021-06-09T01:26:57.128238+02:00] CronLike.NOTICE: 5 0,4,10,16 * * *  (2021-06-09 04:05:00) :: " /var/www/devdaily.com/bin/create-cat-list.sh" [] []
[2021-06-09T01:26:57.128272+02:00] CronLike.NOTICE: 5 0 * * *  (2021-06-10 00:05:00) :: " /var/www/devdaily.com/bin/resetContactForm.sh" [] []
[2021-06-09T01:26:57.128377+02:00] CronLike.NOTICE: 0,20,40 * * * *  (2021-06-09 01:40:00) :: " /var/www/bin/ads/freshMint.sh" [] []
[2021-06-09T01:26:57.128415+02:00] CronLike.NOTICE: 5,25,45 * * * *  (2021-06-09 01:45:00) :: " /var/www/bin/ads/greenTaffy.sh" [] []
[2021-06-09T01:26:57.128447+02:00] CronLike.NOTICE: 10,30,50 * * * *  (2021-06-09 01:30:00) :: " /var/www/bin/ads/raspberry.sh" [] []
[2021-06-09T01:26:57.128476+02:00] CronLike.NOTICE: 15,35,55 * * * *  (2021-06-09 01:35:00) :: " /var/www/bin/ads/robinsEgg.sh" [] []
[2021-06-09T01:30:42.295807+02:00] CronLike.ERROR: Cron iterator starts, iterating every 5 [] []
[2021-06-09T01:30:42.305228+02:00] CronLike.NOTICE: CRONTAB LOADED [] []
[2021-06-09T01:30:42.305306+02:00] CronLike.NOTICE: 0 * * * *  (2021-06-09 02:00:00) :: " /usr/bin/wget -O - -q -t 1 http://localhost/cron.php" [] []
[2021-06-09T01:30:42.305346+02:00] CronLike.NOTICE: * * * * *  (2021-06-09 01:31:00) :: " /var/www/devdaily.com/bin/check-apache.sh" [] []
[2021-06-09T01:30:42.305379+02:00] CronLike.NOTICE: 5 10,22 * * *  (2021-06-09 10:05:00) :: " /var/www/devdaily.com/bin/mk-new-links.php" [] []
[2021-06-09T01:30:42.305410+02:00] CronLike.NOTICE: 30 4 * * *  (2021-06-09 04:30:00) :: " /var/www/devdaily.com/bin/create-all-backups.sh" [] []
[2021-06-09T01:30:42.305440+02:00] CronLike.NOTICE: 5 0,4,10,16 * * *  (2021-06-09 04:05:00) :: " /var/www/devdaily.com/bin/create-cat-list.sh" [] []
[2021-06-09T01:30:42.305469+02:00] CronLike.NOTICE: 5 0 * * *  (2021-06-10 00:05:00) :: " /var/www/devdaily.com/bin/resetContactForm.sh" [] []
[2021-06-09T01:30:42.305498+02:00] CronLike.NOTICE: 0,20,40 * * * *  (2021-06-09 01:40:00) :: " /var/www/bin/ads/freshMint.sh" [] []
[2021-06-09T01:30:42.305527+02:00] CronLike.NOTICE: 5,25,45 * * * *  (2021-06-09 01:45:00) :: " /var/www/bin/ads/greenTaffy.sh" [] []
[2021-06-09T01:30:42.305556+02:00] CronLike.NOTICE: 10,30,50 * * * *  (2021-06-09 01:50:00) :: " /var/www/bin/ads/raspberry.sh" [] []
[2021-06-09T01:30:42.305588+02:00] CronLike.NOTICE: 15,35,55 * * * *  (2021-06-09 01:35:00) :: " /var/www/bin/ads/robinsEgg.sh" [] []
[2021-06-09T01:36:22.475652+02:00] CronLike.ERROR: Cron iterator starts, iterating every 5 [] []
[2021-06-09T01:36:34.907037+02:00] CronLike.ERROR: Cron iterator starts, iterating every 5 [] []
[2021-06-09T01:36:34.916762+02:00] CronLike.NOTICE: CRONTAB LOADED [] []
[2021-06-09T01:36:34.916837+02:00] CronLike.NOTICE: 0 * * * *  (2021-06-09 02:00:00) :: " /usr/bin/wget -O - -q -t 1 http://localhost/cron.php" [] []
[2021-06-09T01:36:34.916877+02:00] CronLike.NOTICE: * * * * *  (2021-06-09 01:37:00) :: " /var/www/devdaily.com/bin/check-apache.sh" [] []
[2021-06-09T01:36:34.916910+02:00] CronLike.NOTICE: 5 10,22 * * *  (2021-06-09 10:05:00) :: " /var/www/devdaily.com/bin/mk-new-links.php" [] []
[2021-06-09T01:36:34.916941+02:00] CronLike.NOTICE: 30 4 * * *  (2021-06-09 04:30:00) :: " /var/www/devdaily.com/bin/create-all-backups.sh" [] []
[2021-06-09T01:36:34.916970+02:00] CronLike.NOTICE: 5 0,4,10,16 * * *  (2021-06-09 04:05:00) :: " /var/www/devdaily.com/bin/create-cat-list.sh" [] []
[2021-06-09T01:36:34.917000+02:00] CronLike.NOTICE: 5 0 * * *  (2021-06-10 00:05:00) :: " /var/www/devdaily.com/bin/resetContactForm.sh" [] []
[2021-06-09T01:36:34.917029+02:00] CronLike.NOTICE: 0,20,40 * * * *  (2021-06-09 01:40:00) :: " /var/www/bin/ads/freshMint.sh" [] []
[2021-06-09T01:36:34.917059+02:00] CronLike.NOTICE: 5,25,45 * * * *  (2021-06-09 01:45:00) :: " /var/www/bin/ads/greenTaffy.sh" [] []
[2021-06-09T01:36:34.917088+02:00] CronLike.NOTICE: 10,30,50 * * * *  (2021-06-09 01:50:00) :: " /var/www/bin/ads/raspberry.sh" [] []
[2021-06-09T01:36:34.917116+02:00] CronLike.NOTICE: 15,35,55 * * * *  (2021-06-09 01:55:00) :: " /var/www/bin/ads/robinsEgg.sh" [] []
[2021-06-09T01:37:37.178757+02:00] CronLike.ERROR: Cron iterator starts, iterating every 5 [] []
[2021-06-09T01:37:37.188514+02:00] CronLike.NOTICE: CRONTAB LOADED [] []
[2021-06-09T01:37:37.188588+02:00] CronLike.NOTICE: 0 * * * *  (2021-06-09 02:00:00) :: " /usr/bin/wget -O - -q -t 1 http://localhost/cron.php" [] []
[2021-06-09T01:37:37.188681+02:00] CronLike.NOTICE: * * * * *  (2021-06-09 01:38:00) :: " /var/www/devdaily.com/bin/check-apache.sh" [] []
[2021-06-09T01:37:37.188725+02:00] CronLike.NOTICE: 5 10,22 * * *  (2021-06-09 10:05:00) :: " /var/www/devdaily.com/bin/mk-new-links.php" [] []
[2021-06-09T01:37:37.188759+02:00] CronLike.NOTICE: 30 4 * * *  (2021-06-09 04:30:00) :: " /var/www/devdaily.com/bin/create-all-backups.sh" [] []
[2021-06-09T01:37:37.188789+02:00] CronLike.NOTICE: 5 0,4,10,16 * * *  (2021-06-09 04:05:00) :: " /var/www/devdaily.com/bin/create-cat-list.sh" [] []
[2021-06-09T01:37:37.188818+02:00] CronLike.NOTICE: 5 0 * * *  (2021-06-10 00:05:00) :: " /var/www/devdaily.com/bin/resetContactForm.sh" [] []
[2021-06-09T01:37:37.188848+02:00] CronLike.NOTICE: 0,20,40 * * * *  (2021-06-09 01:40:00) :: " /var/www/bin/ads/freshMint.sh" [] []
[2021-06-09T01:37:37.188877+02:00] CronLike.NOTICE: 5,25,45 * * * *  (2021-06-09 01:45:00) :: " /var/www/bin/ads/greenTaffy.sh" [] []
[2021-06-09T01:37:37.188906+02:00] CronLike.NOTICE: 10,30,50 * * * *  (2021-06-09 01:50:00) :: " /var/www/bin/ads/raspberry.sh" [] []
[2021-06-09T01:37:37.188934+02:00] CronLike.NOTICE: 15,35,55 * * * *  (2021-06-09 01:55:00) :: " /var/www/bin/ads/robinsEgg.sh" [] []
[2021-06-09T01:38:00.410550+02:00] CronLike.ERROR: Cron iterator starts, iterating every 5 [] []
[2021-06-09T01:38:00.420516+02:00] CronLike.NOTICE: CRONTAB LOADED [] []
[2021-06-09T01:38:00.420593+02:00] CronLike.NOTICE: 0 * * * *  (2021-06-09 02:00:00) :: " /usr/bin/wget -O - -q -t 1 http://localhost/cron.php" [] []
[2021-06-09T01:38:00.420632+02:00] CronLike.NOTICE: * * * * *  (2021-06-09 01:39:00) :: " /var/www/devdaily.com/bin/check-apache.sh" [] []
[2021-06-09T01:38:00.420665+02:00] CronLike.NOTICE: 5 10,22 * * *  (2021-06-09 10:05:00) :: " /var/www/devdaily.com/bin/mk-new-links.php" [] []
[2021-06-09T01:38:00.420696+02:00] CronLike.NOTICE: 30 4 * * *  (2021-06-09 04:30:00) :: " /var/www/devdaily.com/bin/create-all-backups.sh" [] []
[2021-06-09T01:38:00.420726+02:00] CronLike.NOTICE: 5 0,4,10,16 * * *  (2021-06-09 04:05:00) :: " /var/www/devdaily.com/bin/create-cat-list.sh" [] []
[2021-06-09T01:38:00.420756+02:00] CronLike.NOTICE: 5 0 * * *  (2021-06-10 00:05:00) :: " /var/www/devdaily.com/bin/resetContactForm.sh" [] []
[2021-06-09T01:38:00.420785+02:00] CronLike.NOTICE: 0,20,40 * * * *  (2021-06-09 01:40:00) :: " /var/www/bin/ads/freshMint.sh" [] []
[2021-06-09T01:38:00.420814+02:00] CronLike.NOTICE: 5,25,45 * * * *  (2021-06-09 01:45:00) :: " /var/www/bin/ads/greenTaffy.sh" [] []
[2021-06-09T01:38:00.420843+02:00] CronLike.NOTICE: 10,30,50 * * * *  (2021-06-09 01:50:00) :: " /var/www/bin/ads/raspberry.sh" [] []
[2021-06-09T01:38:00.420872+02:00] CronLike.NOTICE: 15,35,55 * * * *  (2021-06-09 01:55:00) :: " /var/www/bin/ads/robinsEgg.sh" [] []
[2021-06-09T01:38:55.969853+02:00] CronLike.ERROR: Cron iterator starts, iterating every 5 [] []
[2021-06-09T01:38:55.979421+02:00] CronLike.NOTICE: CRONTAB LOADED [] []
[2021-06-09T01:38:55.979510+02:00] CronLike.NOTICE: 0 * * * *  (2021-06-09 02:00:00) :: " /usr/bin/wget -O - -q -t 1 http://localhost/cron.php" [] []
[2021-06-09T01:38:55.979550+02:00] CronLike.NOTICE: * * * * *  (2021-06-09 01:39:00) :: " /var/www/devdaily.com/bin/check-apache.sh" [] []
[2021-06-09T01:38:55.979584+02:00] CronLike.NOTICE: 5 10,22 * * *  (2021-06-09 10:05:00) :: " /var/www/devdaily.com/bin/mk-new-links.php" [] []
[2021-06-09T01:38:55.979614+02:00] CronLike.NOTICE: 30 4 * * *  (2021-06-09 04:30:00) :: " /var/www/devdaily.com/bin/create-all-backups.sh" [] []
[2021-06-09T01:38:55.979644+02:00] CronLike.NOTICE: 5 0,4,10,16 * * *  (2021-06-09 04:05:00) :: " /var/www/devdaily.com/bin/create-cat-list.sh" [] []
[2021-06-09T01:38:55.979673+02:00] CronLike.NOTICE: 5 0 * * *  (2021-06-10 00:05:00) :: " /var/www/devdaily.com/bin/resetContactForm.sh" [] []
[2021-06-09T01:38:55.979702+02:00] CronLike.NOTICE: 0,20,40 * * * *  (2021-06-09 01:40:00) :: " /var/www/bin/ads/freshMint.sh" [] []
[2021-06-09T01:38:55.979730+02:00] CronLike.NOTICE: 5,25,45 * * * *  (2021-06-09 01:45:00) :: " /var/www/bin/ads/greenTaffy.sh" [] []
[2021-06-09T01:38:55.979815+02:00] CronLike.NOTICE: 10,30,50 * * * *  (2021-06-09 01:50:00) :: " /var/www/bin/ads/raspberry.sh" [] []
[2021-06-09T01:38:55.979850+02:00] CronLike.NOTICE: 15,35,55 * * * *  (2021-06-09 01:55:00) :: " /var/www/bin/ads/robinsEgg.sh" [] []
[2021-06-09T01:42:15.324834+02:00] CronLike.ERROR: Cron iterator starts, iterating every 5 [] []
[2021-06-09T01:42:15.335006+02:00] CronLike.NOTICE: CRONTAB LOADED [] []
[2021-06-09T01:42:15.335085+02:00] CronLike.NOTICE: 0 * * * *  (2021-06-09 02:00:00) :: " /usr/bin/wget -O - -q -t 1 http://localhost/cron.php" [] []
[2021-06-09T01:42:15.335125+02:00] CronLike.NOTICE: * * * * *  (2021-06-09 01:43:00) :: " /var/www/devdaily.com/bin/check-apache.sh" [] []
[2021-06-09T01:42:15.335159+02:00] CronLike.NOTICE: 5 10,22 * * *  (2021-06-09 10:05:00) :: " /var/www/devdaily.com/bin/mk-new-links.php" [] []
[2021-06-09T01:42:15.335189+02:00] CronLike.NOTICE: 30 4 * * *  (2021-06-09 04:30:00) :: " /var/www/devdaily.com/bin/create-all-backups.sh" [] []
[2021-06-09T01:42:15.335219+02:00] CronLike.NOTICE: 5 0,4,10,16 * * *  (2021-06-09 04:05:00) :: " /var/www/devdaily.com/bin/create-cat-list.sh" [] []
[2021-06-09T01:42:15.335248+02:00] CronLike.NOTICE: 5 0 * * *  (2021-06-10 00:05:00) :: " /var/www/devdaily.com/bin/resetContactForm.sh" [] []
[2021-06-09T01:42:15.335278+02:00] CronLike.NOTICE: 0,20,40 * * * *  (2021-06-09 02:00:00) :: " /var/www/bin/ads/freshMint.sh" [] []
[2021-06-09T01:42:15.335307+02:00] CronLike.NOTICE: 5,25,45 * * * *  (2021-06-09 01:45:00) :: " /var/www/bin/ads/greenTaffy.sh" [] []
[2021-06-09T01:42:15.335336+02:00] CronLike.NOTICE: 10,30,50 * * * *  (2021-06-09 01:50:00) :: " /var/www/bin/ads/raspberry.sh" [] []
[2021-06-09T01:42:15.335365+02:00] CronLike.NOTICE: 15,35,55 * * * *  (2021-06-09 01:55:00) :: " /var/www/bin/ads/robinsEgg.sh" [] []
[2021-06-09T01:42:35.015832+02:00] CronLike.NOTICE: CRONTAB LOADED [] []
[2021-06-09T01:42:35.015958+02:00] CronLike.NOTICE: 0 * * * *  (2021-06-09 02:00:00) :: " /usr/bin/wget -O - -q -t 1 http://localhost/cron.php" [] []
[2021-06-09T01:42:35.016036+02:00] CronLike.NOTICE: * * * * *  (2021-06-09 01:43:00) :: " /var/www/devdaily.com/bin/check-apache.sh" [] []
[2021-06-09T01:42:35.016104+02:00] CronLike.NOTICE: 5 10,22 * * *  (2021-06-09 10:05:00) :: " /var/www/devdaily.com/bin/mk-new-links.php" [] []
[2021-06-09T01:42:35.016169+02:00] CronLike.NOTICE: 30 4 * * *  (2021-06-09 04:30:00) :: " /var/www/devdaily.com/bin/create-all-backups.sh" [] []
[2021-06-09T01:42:35.016236+02:00] CronLike.NOTICE: 5 0,4,10,16 * * *  (2021-06-09 04:05:00) :: " /var/www/devdaily.com/bin/create-cat-list.sh" [] []
[2021-06-09T01:42:35.016302+02:00] CronLike.NOTICE: 5 0 * * *  (2021-06-10 00:05:00) :: " /var/www/devdaily.com/bin/resetContactForm.sh" [] []
[2021-06-09T01:42:35.016367+02:00] CronLike.NOTICE: 0,20,40 * * * *  (2021-06-09 02:00:00) :: " /var/www/bin/ads/freshMint.sh" [] []
[2021-06-09T01:42:35.016439+02:00] CronLike.NOTICE: 5,25,45 * * * *  (2021-06-09 01:45:00) :: " /var/www/bin/ads/greenTaffy.sh" [] []
[2021-06-09T01:42:35.016502+02:00] CronLike.NOTICE: 10,30,50 * * * *  (2021-06-09 01:50:00) :: " /var/www/bin/ads/raspberry.sh" [] []
[2021-06-09T01:42:35.016569+02:00] CronLike.NOTICE: 15,35,55 * * * *  (2021-06-09 01:55:00) :: " /var/www/bin/ads/robinsEgg.sh" [] []
[2021-06-09T01:42:55.005403+02:00] CronLike.NOTICE: CRONTAB LOADED [] []
[2021-06-09T01:42:55.005478+02:00] CronLike.NOTICE: 0 * * * *  (2021-06-09 02:00:00) :: " /usr/bin/wget -O - -q -t 1 http://localhost/cron.php" [] []
[2021-06-09T01:42:55.005516+02:00] CronLike.NOTICE: * * * * *  (2021-06-09 01:43:00) :: " /var/www/devdaily.com/bin/check-apache.sh" [] []
[2021-06-09T01:42:55.005549+02:00] CronLike.NOTICE: 5 10,22 * * *  (2021-06-09 10:05:00) :: " /var/www/devdaily.com/bin/mk-new-links.php" [] []
[2021-06-09T01:42:55.005590+02:00] CronLike.NOTICE: 30 4 * * *  (2021-06-09 04:30:00) :: " /var/www/devdaily.com/bin/create-all-backups.sh" [] []
[2021-06-09T01:42:55.005667+02:00] CronLike.NOTICE: 5 0,4,10,16 * * *  (2021-06-09 04:05:00) :: " /var/www/devdaily.com/bin/create-cat-list.sh" [] []
[2021-06-09T01:42:55.005704+02:00] CronLike.NOTICE: 5 0 * * *  (2021-06-10 00:05:00) :: " /var/www/devdaily.com/bin/resetContactForm.sh" [] []
[2021-06-09T01:42:55.005734+02:00] CronLike.NOTICE: 0,20,40 * * * *  (2021-06-09 02:00:00) :: " /var/www/bin/ads/freshMint.sh" [] []
[2021-06-09T01:42:55.005764+02:00] CronLike.NOTICE: 5,25,45 * * * *  (2021-06-09 01:45:00) :: " /var/www/bin/ads/greenTaffy.sh" [] []
[2021-06-09T01:42:55.005793+02:00] CronLike.NOTICE: 10,30,50 * * * *  (2021-06-09 01:50:00) :: " /var/www/bin/ads/raspberry.sh" [] []
[2021-06-09T01:42:55.005822+02:00] CronLike.NOTICE: 15,35,55 * * * *  (2021-06-09 01:55:00) :: " /var/www/bin/ads/robinsEgg.sh" [] []
[2021-06-09T01:51:56.128569+02:00] CronLike.ERROR: Cron iterator starts, iterating every 5 [] []
[2021-06-09T01:51:56.138758+02:00] CronLike.NOTICE: CRONTAB LOADED [] []
[2021-06-09T01:51:56.138843+02:00] CronLike.NOTICE: 0 * * * *  (2021-06-09 02:00:00) :: "/usr/bin/wget -O - -q -t 1 http://localhost/cron.php" [] []
[2021-06-09T01:51:56.138883+02:00] CronLike.NOTICE: * * * * *  (2021-06-09 01:52:00) :: "/var/www/devdaily.com/bin/check-apache.sh" [] []
[2021-06-09T01:51:56.138917+02:00] CronLike.NOTICE: 5 10,22 * * *  (2021-06-09 10:05:00) :: "/var/www/devdaily.com/bin/mk-new-links.php" [] []
[2021-06-09T01:51:56.138948+02:00] CronLike.NOTICE: 30 4 * * *  (2021-06-09 04:30:00) :: "/var/www/devdaily.com/bin/create-all-backups.sh" [] []
[2021-06-09T01:51:56.138978+02:00] CronLike.NOTICE: 5 0,4,10,16 * * *  (2021-06-09 04:05:00) :: "/var/www/devdaily.com/bin/create-cat-list.sh" [] []
[2021-06-09T01:51:56.139009+02:00] CronLike.NOTICE: 5 0 * * *  (2021-06-10 00:05:00) :: "/var/www/devdaily.com/bin/resetContactForm.sh" [] []
[2021-06-09T01:51:56.139038+02:00] CronLike.NOTICE: 0,20,40 * * * *  (2021-06-09 02:00:00) :: "/var/www/bin/ads/freshMint.sh" [] []
[2021-06-09T01:51:56.139068+02:00] CronLike.NOTICE: 5,25,45 * * * *  (2021-06-09 02:05:00) :: "/var/www/bin/ads/greenTaffy.sh" [] []
[2021-06-09T01:51:56.139097+02:00] CronLike.NOTICE: 10,30,50 * * * *  (2021-06-09 02:10:00) :: "/var/www/bin/ads/raspberry.sh" [] []
[2021-06-09T01:51:56.139126+02:00] CronLike.NOTICE: 15,35,55 * * * *  (2021-06-09 01:55:00) :: "/var/www/bin/ads/robinsEgg.sh" [] []
[2021-06-09T01:53:10.761217+02:00] CronLike.ERROR: Cron iterator starts, iterating every 5 [] []
[2021-06-09T01:53:10.774878+02:00] CronLike.NOTICE: CRONTAB LOADED [] []
[2021-06-09T01:53:10.774980+02:00] CronLike.NOTICE: 0 * * * *  (2021-06-09 02:00:00) :: "/usr/bin/wget -O - -q -t 1 http://localhost/cron.php" [] []
[2021-06-09T01:53:10.775048+02:00] CronLike.NOTICE: * * * * *  (2021-06-09 01:54:00) :: "/var/www/devdaily.com/bin/check-apache.sh" [] []
[2021-06-09T01:53:10.775110+02:00] CronLike.NOTICE: 5 10,22 * * *  (2021-06-09 10:05:00) :: "/var/www/devdaily.com/bin/mk-new-links.php" [] []
[2021-06-09T01:53:10.775145+02:00] CronLike.NOTICE: 30 4 * * *  (2021-06-09 04:30:00) :: "/var/www/devdaily.com/bin/create-all-backups.sh" [] []
[2021-06-09T01:53:10.775177+02:00] CronLike.NOTICE: 5 0,4,10,16 * * *  (2021-06-09 04:05:00) :: "/var/www/devdaily.com/bin/create-cat-list.sh" [] []
[2021-06-09T01:53:10.775225+02:00] CronLike.NOTICE: 5 0 * * *  (2021-06-10 00:05:00) :: "/var/www/devdaily.com/bin/resetContactForm.sh" [] []
[2021-06-09T01:53:10.775267+02:00] CronLike.NOTICE: 0,20,40 * * * *  (2021-06-09 02:00:00) :: "/var/www/bin/ads/freshMint.sh" [] []
[2021-06-09T01:53:10.775298+02:00] CronLike.NOTICE: 5,25,45 * * * *  (2021-06-09 02:05:00) :: "/var/www/bin/ads/greenTaffy.sh" [] []
[2021-06-09T01:53:10.775329+02:00] CronLike.NOTICE: 10,30,50 * * * *  (2021-06-09 02:10:00) :: "/var/www/bin/ads/raspberry.sh" [] []
[2021-06-09T01:53:10.775385+02:00] CronLike.NOTICE: 15,35,55 * * * *  (2021-06-09 01:55:00) :: "/var/www/bin/ads/robinsEgg.sh" [] []
[2021-06-09T01:57:55.627532+02:00] CronLike.ERROR: Cron iterator starts, iterating every 5 [] []
[2021-06-09T01:57:55.637015+02:00] CronLike.NOTICE: CRONTAB LOADED [] []
[2021-06-09T01:57:55.637141+02:00] CronLike.NOTICE: 0 * * * *  (2021-06-09 02:00:00) :: "/usr/bin/wget -O - -q -t 1 http://localhost/cron.php" [] []
[2021-06-09T01:57:55.637187+02:00] CronLike.NOTICE: * * * * *  (2021-06-09 01:58:00) :: "/var/www/devdaily.com/bin/check-apache.sh" [] []
[2021-06-09T01:57:55.637221+02:00] CronLike.NOTICE: 5 10,22 * * *  (2021-06-09 10:05:00) :: "/var/www/devdaily.com/bin/mk-new-links.php" [] []
[2021-06-09T01:57:55.637253+02:00] CronLike.NOTICE: 30 4 * * *  (2021-06-09 04:30:00) :: "/var/www/devdaily.com/bin/create-all-backups.sh" [] []
[2021-06-09T01:57:55.637283+02:00] CronLike.NOTICE: 5 0,4,10,16 * * *  (2021-06-09 04:05:00) :: "/var/www/devdaily.com/bin/create-cat-list.sh" [] []
[2021-06-09T01:57:55.637313+02:00] CronLike.NOTICE: 5 0 * * *  (2021-06-10 00:05:00) :: "/var/www/devdaily.com/bin/resetContactForm.sh" [] []
[2021-06-09T01:57:55.637342+02:00] CronLike.NOTICE: 0,20,40 * * * *  (2021-06-09 02:00:00) :: "/var/www/bin/ads/freshMint.sh" [] []
[2021-06-09T01:57:55.637372+02:00] CronLike.NOTICE: 5,25,45 * * * *  (2021-06-09 02:05:00) :: "/var/www/bin/ads/greenTaffy.sh" [] []
[2021-06-09T01:57:55.637401+02:00] CronLike.NOTICE: 10,30,50 * * * *  (2021-06-09 02:10:00) :: "/var/www/bin/ads/raspberry.sh" [] []
[2021-06-09T01:57:55.637429+02:00] CronLike.NOTICE: 15,35,55 * * * *  (2021-06-09 02:15:00) :: "/var/www/bin/ads/robinsEgg.sh" [] []
[2021-06-09T02:07:09.199318+02:00] CronLike.ERROR: Cron iterator starts, iterating every 5 [] []
[2021-06-09T02:07:09.209457+02:00] CronLike.NOTICE: CRONTAB LOADED [] []
[2021-06-09T02:07:09.209535+02:00] CronLike.NOTICE: 0 * * * *  (2021-06-09 03:00:00) :: "/usr/bin/wget -O - -q -t 1 http://localhost/cron.php" [] []
[2021-06-09T02:07:09.209575+02:00] CronLike.NOTICE: * * * * *  (2021-06-09 02:08:00) :: "/var/www/devdaily.com/bin/check-apache.sh" [] []
[2021-06-09T02:07:09.209608+02:00] CronLike.NOTICE: 5 10,22 * * *  (2021-06-09 10:05:00) :: "/var/www/devdaily.com/bin/mk-new-links.php" [] []
[2021-06-09T02:07:09.209639+02:00] CronLike.NOTICE: 30 4 * * *  (2021-06-09 04:30:00) :: "/var/www/devdaily.com/bin/create-all-backups.sh" [] []
[2021-06-09T02:07:09.209668+02:00] CronLike.NOTICE: 5 0,4,10,16 * * *  (2021-06-09 04:05:00) :: "/var/www/devdaily.com/bin/create-cat-list.sh" [] []
[2021-06-09T02:07:09.209698+02:00] CronLike.NOTICE: 5 0 * * *  (2021-06-10 00:05:00) :: "/var/www/devdaily.com/bin/resetContactForm.sh" [] []
[2021-06-09T02:07:09.209727+02:00] CronLike.NOTICE: 0,20,40 * * * *  (2021-06-09 02:20:00) :: "/var/www/bin/ads/freshMint.sh" [] []
[2021-06-09T02:07:09.209756+02:00] CronLike.NOTICE: 5,25,45 * * * *  (2021-06-09 02:25:00) :: "/var/www/bin/ads/greenTaffy.sh" [] []
[2021-06-09T02:07:09.209785+02:00] CronLike.NOTICE: 10,30,50 * * * *  (2021-06-09 02:10:00) :: "/var/www/bin/ads/raspberry.sh" [] []
[2021-06-09T02:07:09.209814+02:00] CronLike.NOTICE: 15,35,55 * * * *  (2021-06-09 02:15:00) :: "/var/www/bin/ads/robinsEgg.sh" [] []
[2021-06-09T02:09:50.192048+02:00] CronLike.ERROR: Cron iterator starts, iterating every 5 [] []
[2021-06-09T02:09:50.202603+02:00] CronLike.NOTICE: CRONTAB LOADED [] []
[2021-06-09T02:09:50.202678+02:00] CronLike.NOTICE: 0 * * * *  (2021-06-09 03:00:00) :: "/usr/bin/wget -O - -q -t 1 http://localhost/cron.php" [] []
[2021-06-09T02:09:50.202718+02:00] CronLike.NOTICE: * * * * *  (2021-06-09 02:10:00) :: "/var/www/devdaily.com/bin/check-apache.sh" [] []
[2021-06-09T02:09:50.202751+02:00] CronLike.NOTICE: 5 10,22 * * *  (2021-06-09 10:05:00) :: "/var/www/devdaily.com/bin/mk-new-links.php" [] []
[2021-06-09T02:09:50.202781+02:00] CronLike.NOTICE: 30 4 * * *  (2021-06-09 04:30:00) :: "/var/www/devdaily.com/bin/create-all-backups.sh" [] []
[2021-06-09T02:09:50.202811+02:00] CronLike.NOTICE: 5 0,4,10,16 * * *  (2021-06-09 04:05:00) :: "/var/www/devdaily.com/bin/create-cat-list.sh" [] []
[2021-06-09T02:09:50.202841+02:00] CronLike.NOTICE: 5 0 * * *  (2021-06-10 00:05:00) :: "/var/www/devdaily.com/bin/resetContactForm.sh" [] []
[2021-06-09T02:09:50.202870+02:00] CronLike.NOTICE: 0,20,40 * * * *  (2021-06-09 02:20:00) :: "/var/www/bin/ads/freshMint.sh" [] []
[2021-06-09T02:09:50.202954+02:00] CronLike.NOTICE: 5,25,45 * * * *  (2021-06-09 02:25:00) :: "/var/www/bin/ads/greenTaffy.sh" [] []
[2021-06-09T02:09:50.202989+02:00] CronLike.NOTICE: 10,30,50 * * * *  (2021-06-09 02:10:00) :: "/var/www/bin/ads/raspberry.sh" [] []
[2021-06-09T02:09:50.203018+02:00] CronLike.NOTICE: 15,35,55 * * * *  (2021-06-09 02:15:00) :: "/var/www/bin/ads/robinsEgg.sh" [] []
[2021-06-09T02:12:02.621348+02:00] CronLike.ERROR: Cron iterator starts, iterating every 5 [] []
[2021-06-09T02:12:02.630915+02:00] CronLike.NOTICE: CRONTAB LOADED [] []
[2021-06-09T02:12:02.630991+02:00] CronLike.NOTICE: 0 * * * *  (2021-06-09 03:00:00) :: "/usr/bin/wget -O - -q -t 1 http://localhost/cron.php" [] []
[2021-06-09T02:12:02.631031+02:00] CronLike.NOTICE: * * * * *  (2021-06-09 02:13:00) :: "/var/www/devdaily.com/bin/check-apache.sh" [] []
[2021-06-09T02:12:02.631063+02:00] CronLike.NOTICE: 5 10,22 * * *  (2021-06-09 10:05:00) :: "/var/www/devdaily.com/bin/mk-new-links.php" [] []
[2021-06-09T02:12:02.631094+02:00] CronLike.NOTICE: 30 4 * * *  (2021-06-09 04:30:00) :: "/var/www/devdaily.com/bin/create-all-backups.sh" [] []
[2021-06-09T02:12:02.631124+02:00] CronLike.NOTICE: 5 0,4,10,16 * * *  (2021-06-09 04:05:00) :: "/var/www/devdaily.com/bin/create-cat-list.sh" [] []
[2021-06-09T02:12:02.631153+02:00] CronLike.NOTICE: 5 0 * * *  (2021-06-10 00:05:00) :: "/var/www/devdaily.com/bin/resetContactForm.sh" [] []
[2021-06-09T02:12:02.631187+02:00] CronLike.NOTICE: 0,20,40 * * * *  (2021-06-09 02:20:00) :: "/var/www/bin/ads/freshMint.sh" [] []
[2021-06-09T02:12:02.631216+02:00] CronLike.NOTICE: 5,25,45 * * * *  (2021-06-09 02:25:00) :: "/var/www/bin/ads/greenTaffy.sh" [] []
[2021-06-09T02:12:02.631245+02:00] CronLike.NOTICE: 10,30,50 * * * *  (2021-06-09 02:30:00) :: "/var/www/bin/ads/raspberry.sh" [] []
[2021-06-09T02:12:02.631274+02:00] CronLike.NOTICE: 15,35,55 * * * *  (2021-06-09 02:15:00) :: "/var/www/bin/ads/robinsEgg.sh" [] []
[2021-06-09T02:14:08.119729+02:00] CronLike.ERROR: Cron iterator starts, iterating every 5 [] []
[2021-06-09T02:14:08.132211+02:00] CronLike.NOTICE: CRONTAB LOADED [] []
[2021-06-09T02:14:08.132288+02:00] CronLike.NOTICE: 0 * * * *  (2021-06-09 03:00:00) :: "/usr/bin/wget -O - -q -t 1 http://localhost/cron.php" [] []
[2021-06-09T02:14:08.132327+02:00] CronLike.NOTICE: * * * * *  (2021-06-09 02:15:00) :: "/var/www/devdaily.com/bin/check-apache.sh" [] []
[2021-06-09T02:14:08.132360+02:00] CronLike.NOTICE: 5 10,22 * * *  (2021-06-09 10:05:00) :: "/var/www/devdaily.com/bin/mk-new-links.php" [] []
[2021-06-09T02:14:08.132391+02:00] CronLike.NOTICE: 30 4 * * *  (2021-06-09 04:30:00) :: "/var/www/devdaily.com/bin/create-all-backups.sh" [] []
[2021-06-09T02:14:08.132425+02:00] CronLike.NOTICE: 5 0,4,10,16 * * *  (2021-06-09 04:05:00) :: "/var/www/devdaily.com/bin/create-cat-list.sh" [] []
[2021-06-09T02:14:08.132456+02:00] CronLike.NOTICE: 5 0 * * *  (2021-06-10 00:05:00) :: "/var/www/devdaily.com/bin/resetContactForm.sh" [] []
[2021-06-09T02:14:08.132485+02:00] CronLike.NOTICE: 0,20,40 * * * *  (2021-06-09 02:20:00) :: "/var/www/bin/ads/freshMint.sh" [] []
[2021-06-09T02:14:08.132515+02:00] CronLike.NOTICE: 5,25,45 * * * *  (2021-06-09 02:25:00) :: "/var/www/bin/ads/greenTaffy.sh" [] []
[2021-06-09T02:14:08.132544+02:00] CronLike.NOTICE: 10,30,50 * * * *  (2021-06-09 02:30:00) :: "/var/www/bin/ads/raspberry.sh" [] []
[2021-06-09T02:14:08.132573+02:00] CronLike.NOTICE: 15,35,55 * * * *  (2021-06-09 02:15:00) :: "/var/www/bin/ads/robinsEgg.sh" [] []
